<?xml version="1.0" encoding="UTF-8"?>
<!-- Generated by org.testng.reporters.JUnitXMLReporter -->
<testsuite ignored="0" hostname="EPBGSOFL0122" failures="4" tests="4" name="Surefire test" time="60.149" errors="0" timestamp="2020-11-30T17:19:03 EET">
  <testcase classname="OpenBrowserTests" name="openBrowserAndFailTest on openBrowserAndFailTest(OpenBrowserTests)" time="21.824">
    <failure type="java.lang.IllegalStateException" message="No webdriver is bound to current thread: 17. You need to call open(url) first.">
      <![CDATA[java.lang.IllegalStateException: No webdriver is bound to current thread: 17. You need to call open(url) first.
at com.codeborne.selenide.impl.WebDriverThreadLocalContainer.getWebDriver(WebDriverThreadLocalContainer.java:121)
at com.codeborne.selenide.impl.WebDriverThreadLocalContainer.closeWindow(WebDriverThreadLocalContainer.java:179)
at com.codeborne.selenide.WebDriverRunner.closeWindow(WebDriverRunner.java:127)
at Base.afterTest(Base.java:45)
at org.junit.runners.model.FrameworkMethod$1.runReflectiveCall(FrameworkMethod.java:59)
at org.junit.internal.runners.model.ReflectiveCallable.run(ReflectiveCallable.java:12)
at org.junit.runners.model.FrameworkMethod.invokeExplosively(FrameworkMethod.java:56)
at org.junit.internal.runners.statements.RunAfters.invokeMethod(RunAfters.java:46)
at org.junit.internal.runners.statements.RunAfters.evaluate(RunAfters.java:33)
at org.junit.rules.Verifier$1.evaluate(Verifier.java:35)
at org.junit.runners.ParentRunner$3.evaluate(ParentRunner.java:306)
at org.junit.runners.BlockJUnit4ClassRunner$1.evaluate(BlockJUnit4ClassRunner.java:100)
at org.junit.runners.ParentRunner.runLeaf(ParentRunner.java:366)
at org.junit.runners.BlockJUnit4ClassRunner.runChild(BlockJUnit4ClassRunner.java:103)
at org.junit.runners.BlockJUnit4ClassRunner.runChild(BlockJUnit4ClassRunner.java:63)
at org.junit.runners.ParentRunner$4.run(ParentRunner.java:331)
at java.base/java.util.concurrent.Executors$RunnableAdapter.call(Executors.java:515)
at java.base/java.util.concurrent.FutureTask.run(FutureTask.java:264)
at java.base/java.util.concurrent.ThreadPoolExecutor.runWorker(ThreadPoolExecutor.java:1130)
at java.base/java.util.concurrent.ThreadPoolExecutor$Worker.run(ThreadPoolExecutor.java:630)
at java.base/java.lang.Thread.run(Thread.java:832)
... Removed 4 stack frames]]>
    </failure>
  </testcase> <!-- openBrowserAndFailTest on openBrowserAndFailTest(OpenBrowserTests) -->
  <testcase classname="OpenBrowserTests" name="openBrowserAndFailTest on openBrowserAndFailTest(OpenBrowserTests)" time="21.824">
    <failure type="java.lang.IllegalStateException" message="No webdriver is bound to current thread: 17. You need to call open(url) first.">
      <![CDATA[java.lang.IllegalStateException: No webdriver is bound to current thread: 17. You need to call open(url) first.
at com.codeborne.selenide.impl.WebDriverThreadLocalContainer.getWebDriver(WebDriverThreadLocalContainer.java:121)
at com.codeborne.selenide.impl.WebDriverThreadLocalContainer.closeWindow(WebDriverThreadLocalContainer.java:179)
at com.codeborne.selenide.WebDriverRunner.closeWindow(WebDriverRunner.java:127)
at Base.afterTest(Base.java:45)
at org.junit.runners.model.FrameworkMethod$1.runReflectiveCall(FrameworkMethod.java:59)
at org.junit.internal.runners.model.ReflectiveCallable.run(ReflectiveCallable.java:12)
at org.junit.runners.model.FrameworkMethod.invokeExplosively(FrameworkMethod.java:56)
at org.junit.internal.runners.statements.RunAfters.invokeMethod(RunAfters.java:46)
at org.junit.internal.runners.statements.RunAfters.evaluate(RunAfters.java:33)
at org.junit.rules.Verifier$1.evaluate(Verifier.java:35)
at org.junit.runners.ParentRunner$3.evaluate(ParentRunner.java:306)
at org.junit.runners.BlockJUnit4ClassRunner$1.evaluate(BlockJUnit4ClassRunner.java:100)
at org.junit.runners.ParentRunner.runLeaf(ParentRunner.java:366)
at org.junit.runners.BlockJUnit4ClassRunner.runChild(BlockJUnit4ClassRunner.java:103)
at org.junit.runners.BlockJUnit4ClassRunner.runChild(BlockJUnit4ClassRunner.java:63)
at org.junit.runners.ParentRunner$4.run(ParentRunner.java:331)
at java.base/java.util.concurrent.Executors$RunnableAdapter.call(Executors.java:515)
at java.base/java.util.concurrent.FutureTask.run(FutureTask.java:264)
at java.base/java.util.concurrent.ThreadPoolExecutor.runWorker(ThreadPoolExecutor.java:1130)
at java.base/java.util.concurrent.ThreadPoolExecutor$Worker.run(ThreadPoolExecutor.java:630)
at java.base/java.lang.Thread.run(Thread.java:832)
... Removed 4 stack frames]]>
    </failure>
  </testcase> <!-- openBrowserAndFailTest on openBrowserAndFailTest(OpenBrowserTests) -->
  <testcase classname="OpenBrowserTests" name="testWithchOnlyPrintInConsole on testWithchOnlyPrintInConsole(OpenBrowserTests)" time="42.857">
    <failure type="java.lang.IllegalStateException" message="No webdriver is bound to current thread: 17. You need to call open(url) first.">
      <![CDATA[java.lang.IllegalStateException: No webdriver is bound to current thread: 17. You need to call open(url) first.
at com.codeborne.selenide.impl.WebDriverThreadLocalContainer.getWebDriver(WebDriverThreadLocalContainer.java:121)
at com.codeborne.selenide.impl.WebDriverThreadLocalContainer.closeWindow(WebDriverThreadLocalContainer.java:179)
at com.codeborne.selenide.WebDriverRunner.closeWindow(WebDriverRunner.java:127)
at Base.afterTest(Base.java:45)
at org.junit.runners.model.FrameworkMethod$1.runReflectiveCall(FrameworkMethod.java:59)
at org.junit.internal.runners.model.ReflectiveCallable.run(ReflectiveCallable.java:12)
at org.junit.runners.model.FrameworkMethod.invokeExplosively(FrameworkMethod.java:56)
at org.junit.internal.runners.statements.RunAfters.invokeMethod(RunAfters.java:46)
at org.junit.internal.runners.statements.RunAfters.evaluate(RunAfters.java:33)
at org.junit.rules.Verifier$1.evaluate(Verifier.java:35)
at org.junit.runners.ParentRunner$3.evaluate(ParentRunner.java:306)
at org.junit.runners.BlockJUnit4ClassRunner$1.evaluate(BlockJUnit4ClassRunner.java:100)
at org.junit.runners.ParentRunner.runLeaf(ParentRunner.java:366)
at org.junit.runners.BlockJUnit4ClassRunner.runChild(BlockJUnit4ClassRunner.java:103)
at org.junit.runners.BlockJUnit4ClassRunner.runChild(BlockJUnit4ClassRunner.java:63)
at org.junit.runners.ParentRunner$4.run(ParentRunner.java:331)
at java.base/java.util.concurrent.Executors$RunnableAdapter.call(Executors.java:515)
at java.base/java.util.concurrent.FutureTask.run(FutureTask.java:264)
at java.base/java.util.concurrent.ThreadPoolExecutor.runWorker(ThreadPoolExecutor.java:1130)
at java.base/java.util.concurrent.ThreadPoolExecutor$Worker.run(ThreadPoolExecutor.java:630)
at java.base/java.lang.Thread.run(Thread.java:832)
... Removed 4 stack frames]]>
    </failure>
  </testcase> <!-- testWithchOnlyPrintInConsole on testWithchOnlyPrintInConsole(OpenBrowserTests) -->
  <testcase classname="OpenBrowserTests" name="testWithchOnlyPrintInConsole on testWithchOnlyPrintInConsole(OpenBrowserTests)" time="42.857">
    <failure type="java.lang.IllegalStateException" message="No webdriver is bound to current thread: 17. You need to call open(url) first.">
      <![CDATA[java.lang.IllegalStateException: No webdriver is bound to current thread: 17. You need to call open(url) first.
at com.codeborne.selenide.impl.WebDriverThreadLocalContainer.getWebDriver(WebDriverThreadLocalContainer.java:121)
at com.codeborne.selenide.impl.WebDriverThreadLocalContainer.closeWindow(WebDriverThreadLocalContainer.java:179)
at com.codeborne.selenide.WebDriverRunner.closeWindow(WebDriverRunner.java:127)
at Base.afterTest(Base.java:45)
at org.junit.runners.model.FrameworkMethod$1.runReflectiveCall(FrameworkMethod.java:59)
at org.junit.internal.runners.model.ReflectiveCallable.run(ReflectiveCallable.java:12)
at org.junit.runners.model.FrameworkMethod.invokeExplosively(FrameworkMethod.java:56)
at org.junit.internal.runners.statements.RunAfters.invokeMethod(RunAfters.java:46)
at org.junit.internal.runners.statements.RunAfters.evaluate(RunAfters.java:33)
at org.junit.rules.Verifier$1.evaluate(Verifier.java:35)
at org.junit.runners.ParentRunner$3.evaluate(ParentRunner.java:306)
at org.junit.runners.BlockJUnit4ClassRunner$1.evaluate(BlockJUnit4ClassRunner.java:100)
at org.junit.runners.ParentRunner.runLeaf(ParentRunner.java:366)
at org.junit.runners.BlockJUnit4ClassRunner.runChild(BlockJUnit4ClassRunner.java:103)
at org.junit.runners.BlockJUnit4ClassRunner.runChild(BlockJUnit4ClassRunner.java:63)
at org.junit.runners.ParentRunner$4.run(ParentRunner.java:331)
at java.base/java.util.concurrent.Executors$RunnableAdapter.call(Executors.java:515)
at java.base/java.util.concurrent.FutureTask.run(FutureTask.java:264)
at java.base/java.util.concurrent.ThreadPoolExecutor.runWorker(ThreadPoolExecutor.java:1130)
at java.base/java.util.concurrent.ThreadPoolExecutor$Worker.run(ThreadPoolExecutor.java:630)
at java.base/java.lang.Thread.run(Thread.java:832)
... Removed 4 stack frames]]>
    </failure>
  </testcase> <!-- testWithchOnlyPrintInConsole on testWithchOnlyPrintInConsole(OpenBrowserTests) -->
</testsuite> <!-- Surefire test -->
